julia_project - INFO - 
julia_project - INFO - JuliaProject.init()
julia_project - INFO - QISKIT_ALT_INSTALL_JULIA not set
julia_project - INFO - QISKIT_ALT_COMPILE not set
julia_project - INFO - QISKIT_ALT_DEPOT not set
julia_project - INFO - julia path: /usr/local/bin/julia
julia_project - INFO - Julia version: 1.7.2.
julia_project - INFO - os.environ["JULIA_PROJECT"] = /home/sahar/.julia/julia_project/qiskit_alt-1.7.2
julia_project - INFO - Copying/updating installed system image directory /home/sahar/.julia/julia_project/qiskit_alt-1.7.2/sys_image
julia_project - INFO - importing JuliaCall
julia_project.juliacall - INFO - importing julia_project/juliacall
julia_project.basic - INFO - need_resolve: No need to resolve or instantiate found.
julia_project.basic - INFO - Want packages in project: ['PythonCall']
julia_project.basic - INFO - Need to add packages not in project: []
julia_project.basic - INFO - ensure_project_ready:  project /home/sahar/.julia/julia_project/qiskit_alt-1.7.2, depot None
julia_project.basic - INFO - Want packages in project: ['PythonCall']
julia_project.basic - INFO - Need to add packages not in project: []
julia_project.basic - INFO - need_resolve: No need to resolve or instantiate found.
julia_project.basic - INFO - Project needs no installation or updating
julia_project - INFO - Using default depot.
julia_project.juliacall - INFO - Initializing julia.
julia_project.juliacall - INFO - libjulia_path: /opt/julia-1.7.2/lib/libjulia.so.1
julia_project.juliacall - INFO - setting JULIA_PROJECT = /home/sahar/.julia/julia_project/qiskit_alt-1.7.2
julia_project.juliacall - INFO - jl_init_with_image(b'/opt/julia-1.7.2/bin',b'/home/sahar/.julia/julia_project/qiskit_alt-1.7.2/sys_image/sys_qiskit_alt-1.7.2.so'
julia_project.juliacall - INFO - libjulia inited.
julia_project.juliacall - INFO - Activating project
julia_project.juliacall - INFO - Done juliacall init .....
julia_project - INFO - PyCall version: None
julia_project - INFO - PythonCall version: 0.8.0
julia_project - INFO - 
julia_project - INFO - JuliaProject.init()
julia_project - INFO - QISKIT_ALT_INSTALL_JULIA not set
julia_project - INFO - QISKIT_ALT_COMPILE not set
julia_project - INFO - QISKIT_ALT_DEPOT not set
julia_project - INFO - julia path: /usr/local/bin/julia
julia_project - INFO - Julia version: 1.7.2.
julia_project - INFO - os.environ["JULIA_PROJECT"] = /home/sahar/.julia/julia_project/qiskit_alt-1.7.2
julia_project - INFO - Copying/updating installed system image directory /home/sahar/.julia/julia_project/qiskit_alt-1.7.2/sys_image
julia_project - INFO - importing JuliaCall
julia_project.juliacall - INFO - importing julia_project/juliacall
julia_project.basic - INFO - need_resolve: No need to resolve or instantiate found.
julia_project.basic - INFO - Want packages in project: ['PythonCall']
julia_project.basic - INFO - Need to add packages not in project: []
julia_project.basic - INFO - ensure_project_ready:  project /home/sahar/.julia/julia_project/qiskit_alt-1.7.2, depot None
julia_project.basic - INFO - Want packages in project: ['PythonCall']
julia_project.basic - INFO - Need to add packages not in project: []
julia_project.basic - INFO - need_resolve: No need to resolve or instantiate found.
julia_project.basic - INFO - Project needs no installation or updating
julia_project - INFO - Using default depot.
julia_project.juliacall - INFO - Initializing julia.
julia_project.juliacall - INFO - libjulia_path: /opt/julia-1.7.2/lib/libjulia.so.1
julia_project.juliacall - INFO - setting JULIA_PROJECT = /home/sahar/.julia/julia_project/qiskit_alt-1.7.2
julia_project.juliacall - INFO - jl_init_with_image(b'/opt/julia-1.7.2/bin',b'/home/sahar/.julia/julia_project/qiskit_alt-1.7.2/sys_image/sys_qiskit_alt-1.7.2.so'
julia_project.juliacall - INFO - libjulia inited.
julia_project.juliacall - INFO - Activating project
julia_project.juliacall - INFO - Done juliacall init .....
julia_project - INFO - PyCall version: None
julia_project - INFO - PythonCall version: 0.8.0
julia_project - INFO - 
julia_project - INFO - JuliaProject.init()
julia_project - INFO - QISKIT_ALT_INSTALL_JULIA not set
julia_project - INFO - QISKIT_ALT_COMPILE not set
julia_project - INFO - QISKIT_ALT_DEPOT not set
julia_project - INFO - julia path: /usr/local/bin/julia
julia_project - INFO - Julia version: 1.7.2.
julia_project - INFO - os.environ["JULIA_PROJECT"] = /home/sahar/.julia/julia_project/qiskit_alt-1.7.2
julia_project - INFO - Copying/updating installed system image directory /home/sahar/.julia/julia_project/qiskit_alt-1.7.2/sys_image
julia_project - INFO - importing JuliaCall
julia_project.juliacall - INFO - importing julia_project/juliacall
julia_project.basic - INFO - need_resolve: No need to resolve or instantiate found.
julia_project.basic - INFO - Want packages in project: ['PythonCall']
julia_project.basic - INFO - Need to add packages not in project: []
julia_project.basic - INFO - ensure_project_ready:  project /home/sahar/.julia/julia_project/qiskit_alt-1.7.2, depot None
julia_project.basic - INFO - Want packages in project: ['PythonCall']
julia_project.basic - INFO - Need to add packages not in project: []
julia_project.basic - INFO - need_resolve: No need to resolve or instantiate found.
julia_project.basic - INFO - Project needs no installation or updating
julia_project - INFO - Using default depot.
julia_project.juliacall - INFO - Initializing julia.
julia_project.juliacall - INFO - libjulia_path: /opt/julia-1.7.2/lib/libjulia.so.1
julia_project.juliacall - INFO - setting JULIA_PROJECT = /home/sahar/.julia/julia_project/qiskit_alt-1.7.2
julia_project.juliacall - INFO - jl_init_with_image(b'/opt/julia-1.7.2/bin',b'/home/sahar/.julia/julia_project/qiskit_alt-1.7.2/sys_image/sys_qiskit_alt-1.7.2.so'
julia_project.juliacall - INFO - libjulia inited.
julia_project.juliacall - INFO - Activating project
julia_project.juliacall - INFO - Done juliacall init .....
julia_project - INFO - PyCall version: None
julia_project - INFO - PythonCall version: 0.8.0
julia_project - INFO - 
julia_project - INFO - JuliaProject.init()
julia_project - INFO - QISKIT_ALT_INSTALL_JULIA not set
julia_project - INFO - QISKIT_ALT_COMPILE not set
julia_project - INFO - QISKIT_ALT_DEPOT not set
julia_project - INFO - julia path: /usr/local/bin/julia
julia_project - INFO - Julia version: 1.7.2.
julia_project - INFO - os.environ["JULIA_PROJECT"] = /home/sahar/.julia/julia_project/qiskit_alt-1.7.2
julia_project - INFO - Copying/updating installed system image directory /home/sahar/.julia/julia_project/qiskit_alt-1.7.2/sys_image
julia_project - INFO - importing JuliaCall
julia_project.juliacall - INFO - importing julia_project/juliacall
julia_project.basic - INFO - need_resolve: No need to resolve or instantiate found.
julia_project.basic - INFO - Want packages in project: ['PythonCall']
julia_project.basic - INFO - Need to add packages not in project: []
julia_project.basic - INFO - ensure_project_ready:  project /home/sahar/.julia/julia_project/qiskit_alt-1.7.2, depot None
julia_project.basic - INFO - Want packages in project: ['PythonCall']
julia_project.basic - INFO - Need to add packages not in project: []
julia_project.basic - INFO - need_resolve: No need to resolve or instantiate found.
julia_project.basic - INFO - Project needs no installation or updating
julia_project - INFO - Using default depot.
julia_project.juliacall - INFO - Initializing julia.
julia_project.juliacall - INFO - libjulia_path: /opt/julia-1.7.2/lib/libjulia.so.1
julia_project.juliacall - INFO - setting JULIA_PROJECT = /home/sahar/.julia/julia_project/qiskit_alt-1.7.2
julia_project.juliacall - INFO - jl_init_with_image(b'/opt/julia-1.7.2/bin',b'/home/sahar/.julia/julia_project/qiskit_alt-1.7.2/sys_image/sys_qiskit_alt-1.7.2.so'
julia_project.juliacall - INFO - libjulia inited.
julia_project.juliacall - INFO - Activating project
julia_project.juliacall - INFO - Done juliacall init .....
julia_project - INFO - PyCall version: None
julia_project - INFO - PythonCall version: 0.8.0
